[1202/224941.069:ERROR:process_memory_win.cc(73)] ReadMemory at 0x7ff6f32f0000 of 64 bytes failed: Only part of a ReadProcessMemory or WriteProcessMemory request was completed. (0x12B)
[1202/224941.071:WARNING:pe_image_reader.cc(340)] could not read dos header from C:\Program Files (x86)\Google\Chrome\Application\chrome.exe
[1202/224941.071:ERROR:process_memory_win.cc(73)] ReadMemory at 0x7ffb66700000 of 64 bytes failed: Only part of a ReadProcessMemory or WriteProcessMemory request was completed. (0x12B)
[1202/224941.071:WARNING:pe_image_reader.cc(340)] could not read dos header from C:\WINDOWS\SYSTEM32\ntdll.dll
[1202/224941.071:ERROR:process_memory_win.cc(73)] ReadMemory at 0x7ffb660a0000 of 64 bytes failed: Only part of a ReadProcessMemory or WriteProcessMemory request was completed. (0x12B)
[1202/224941.072:WARNING:pe_image_reader.cc(340)] could not read dos header from C:\WINDOWS\System32\KERNEL32.DLL
[1202/224941.072:ERROR:process_memory_win.cc(73)] ReadMemory at 0x7ffb64060000 of 64 bytes failed: Only part of a ReadProcessMemory or WriteProcessMemory request was completed. (0x12B)
[1202/224941.072:WARNING:pe_image_reader.cc(340)] could not read dos header from C:\WINDOWS\System32\KERNELBASE.dll
[1202/224941.072:ERROR:process_memory_win.cc(73)] ReadMemory at 0x7ffb29d60000 of 64 bytes failed: Only part of a ReadProcessMemory or WriteProcessMemory request was completed. (0x12B)
[1202/224941.072:WARNING:pe_image_reader.cc(340)] could not read dos header from C:\Program Files (x86)\Google\Chrome\Application\78.0.3904.108\chrome_elf.dll
[1202/224941.072:ERROR:process_memory_win.cc(73)] ReadMemory at 0x7ffb5d3c0000 of 64 bytes failed: Only part of a ReadProcessMemory or WriteProcessMemory request was completed. (0x12B)
[1202/224941.072:WARNING:pe_image_reader.cc(340)] could not read dos header from C:\WINDOWS\SYSTEM32\VERSION.dll
[1202/224941.072:ERROR:process_memory_win.cc(73)] ReadMemory at 0x7ffb65710000 of 64 bytes failed: Only part of a ReadProcessMemory or WriteProcessMemory request was completed. (0x12B)
[1202/224941.072:WARNING:pe_image_reader.cc(340)] could not read dos header from C:\WINDOWS\System32\msvcrt.dll
[1202/224941.072:ERROR:process_memory_win.cc(73)] ReadMemory at 0x7ffb63fe0000 of 64 bytes failed: Only part of a ReadProcessMemory or WriteProcessMemory request was completed. (0x12B)
[1202/224941.072:WARNING:pe_image_reader.cc(340)] could not read dos header from C:\WINDOWS\System32\bcryptPrimitives.dll
[1202/224941.072:ERROR:process_memory_win.cc(73)] ReadMemory at 0x7ffb65af0000 of 64 bytes failed: Only part of a ReadProcessMemory or WriteProcessMemory request was completed. (0x12B)
[1202/224941.072:WARNING:pe_image_reader.cc(340)] could not read dos header from C:\WINDOWS\System32\ADVAPI32.dll
[1202/224941.072:ERROR:process_memory_win.cc(73)] ReadMemory at 0x7ffb662c0000 of 64 bytes failed: Only part of a ReadProcessMemory or WriteProcessMemory request was completed. (0x12B)
[1202/224941.073:WARNING:pe_image_reader.cc(340)] could not read dos header from C:\WINDOWS\System32\sechost.dll
[1202/224941.073:ERROR:process_memory_win.cc(73)] ReadMemory at 0x7ffb64960000 of 64 bytes failed: Only part of a ReadProcessMemory or WriteProcessMemory request was completed. (0x12B)
[1202/224941.073:WARNING:pe_image_reader.cc(340)] could not read dos header from C:\WINDOWS\System32\RPCRT4.dll
[1202/224941.073:ERROR:process_memory_win.cc(73)] ReadMemory at 0x7ffaed940000 of 64 bytes failed: Only part of a ReadProcessMemory or WriteProcessMemory request was completed. (0x12B)
[1202/224941.073:WARNING:pe_image_reader.cc(340)] could not read dos header from C:\Program Files (x86)\Google\Chrome\Application\78.0.3904.108\chrome_child.dll
[1202/224941.073:ERROR:process_memory_win.cc(73)] ReadMemory at 0x7ffb65360000 of 64 bytes failed: Only part of a ReadProcessMemory or WriteProcessMemory request was completed. (0x12B)
[1202/224941.073:WARNING:pe_image_reader.cc(340)] could not read dos header from C:\WINDOWS\System32\OLEAUT32.dll
[1202/224941.073:ERROR:process_memory_win.cc(73)] ReadMemory at 0x7ffb64370000 of 64 bytes failed: Only part of a ReadProcessMemory or WriteProcessMemory request was completed. (0x12B)
[1202/224941.073:WARNING:pe_image_reader.cc(340)] could not read dos header from C:\WINDOWS\System32\msvcp_win.dll
[1202/224941.073:ERROR:process_memory_win.cc(73)] ReadMemory at 0x7ffb636b0000 of 64 bytes failed: Only part of a ReadProcessMemory or WriteProcessMemory request was completed. (0x12B)
[1202/224941.073:WARNING:pe_image_reader.cc(340)] could not read dos header from C:\WINDOWS\System32\ucrtbase.dll
[1202/224941.073:ERROR:process_memory_win.cc(73)] ReadMemory at 0x7ffb657b0000 of 64 bytes failed: Only part of a ReadProcessMemory or WriteProcessMemory request was completed. (0x12B)
[1202/224941.073:WARNING:pe_image_reader.cc(340)] could not read dos header from C:\WINDOWS\System32\combase.dll
[1202/224941.073:ERROR:process_memory_win.cc(73)] ReadMemory at 0x7ffb65bb0000 of 64 bytes failed: Only part of a ReadProcessMemory or WriteProcessMemory request was completed. (0x12B)
[1202/224941.073:WARNING:pe_image_reader.cc(340)] could not read dos header from C:\WINDOWS\System32\WS2_32.dll
[1202/224941.073:ERROR:process_memory_win.cc(73)] ReadMemory at 0x7ffb64310000 of 64 bytes failed: Only part of a ReadProcessMemory or WriteProcessMemory request was completed. (0x12B)
[1202/224941.073:WARNING:pe_image_reader.cc(340)] could not read dos header from C:\WINDOWS\System32\WINTRUST.dll
[1202/224941.073:ERROR:process_memory_win.cc(73)] ReadMemory at 0x7ffb63670000 of 64 bytes failed: Only part of a ReadProcessMemory or WriteProcessMemory request was completed. (0x12B)
[1202/224941.073:WARNING:pe_image_reader.cc(340)] could not read dos header from C:\WINDOWS\System32\MSASN1.dll
[1202/224941.073:ERROR:process_memory_win.cc(73)] ReadMemory at 0x7ffb64410000 of 64 bytes failed: Only part of a ReadProcessMemory or WriteProcessMemory request was completed. (0x12B)
[1202/224941.073:WARNING:pe_image_reader.cc(340)] could not read dos header from C:\WINDOWS\System32\CRYPT32.dll
[1202/224941.074:ERROR:process_memory_win.cc(73)] ReadMemory at 0x7ffb62b50000 of 64 bytes failed: Only part of a ReadProcessMemory or WriteProcessMemory request was completed. (0x12B)
[1202/224941.074:WARNING:pe_image_reader.cc(340)] could not read dos header from C:\WINDOWS\SYSTEM32\IPHLPAPI.DLL
[1202/224941.074:ERROR:process_memory_win.cc(73)] ReadMemory at 0x7ffb5ca20000 of 64 bytes failed: Only part of a ReadProcessMemory or WriteProcessMemory request was completed. (0x12B)
[1202/224941.074:WARNING:pe_image_reader.cc(340)] could not read dos header from C:\WINDOWS\SYSTEM32\WINMM.dll
[1202/224941.074:ERROR:process_memory_win.cc(73)] ReadMemory at 0x7ffb634c0000 of 64 bytes failed: Only part of a ReadProcessMemory or WriteProcessMemory request was completed. (0x12B)
[1202/224941.074:WARNING:pe_image_reader.cc(340)] could not read dos header from C:\WINDOWS\SYSTEM32\USERENV.dll
[1202/224941.074:ERROR:process_memory_win.cc(73)] ReadMemory at 0x7ffb63650000 of 64 bytes failed: Only part of a ReadProcessMemory or WriteProcessMemory request was completed. (0x12B)
[1202/224941.074:WARNING:pe_image_reader.cc(340)] could not read dos header from C:\WINDOWS\System32\profapi.dll
[1202/224941.074:ERROR:process_memory_win.cc(73)] ReadMemory at 0x7ffb44580000 of 64 bytes failed: Only part of a ReadProcessMemory or WriteProcessMemory request was completed. (0x12B)
[1202/224941.074:WARNING:pe_image_reader.cc(340)] could not read dos header from C:\WINDOWS\SYSTEM32\DWrite.dll
[1202/224941.074:ERROR:process_memory_win.cc(73)] ReadMemory at 0x7ffb58260000 of 64 bytes failed: Only part of a ReadProcessMemory or WriteProcessMemory request was completed. (0x12B)
[1202/224941.074:WARNING:pe_image_reader.cc(340)] could not read dos header from C:\WINDOWS\SYSTEM32\WINSPOOL.DRV
[1202/224941.074:ERROR:process_memory_win.cc(73)] ReadMemory at 0x7ffb635e0000 of 64 bytes failed: Only part of a ReadProcessMemory or WriteProcessMemory request was completed. (0x12B)
[1202/224941.074:WARNING:pe_image_reader.cc(340)] could not read dos header from C:\WINDOWS\System32\kernel.appcore.dll
[1202/224941.074:ERROR:process_memory_win.cc(73)] ReadMemory at 0x7ffb63fb0000 of 64 bytes failed: Only part of a ReadProcessMemory or WriteProcessMemory request was completed. (0x12B)
[1202/224941.074:WARNING:pe_image_reader.cc(340)] could not read dos header from C:\WINDOWS\System32\bcrypt.dll
[1202/224941.074:ERROR:process_memory_win.cc(73)] ReadMemory at 0x7ffb61ef0000 of 64 bytes failed: Only part of a ReadProcessMemory or WriteProcessMemory request was completed. (0x12B)
[1202/224941.074:WARNING:pe_image_reader.cc(340)] could not read dos header from C:\WINDOWS\SYSTEM32\dbghelp.dll
[1202/224941.074:ERROR:process_memory_win.cc(73)] ReadMemory at 0x7ffb507c0000 of 64 bytes failed: Only part of a ReadProcessMemory or WriteProcessMemory request was completed. (0x12B)
[1202/224941.074:WARNING:pe_image_reader.cc(340)] could not read dos header from C:\WINDOWS\SYSTEM32\Secur32.dll
[1202/224941.074:ERROR:process_memory_win.cc(73)] ReadMemory at 0x7ffb5eb60000 of 64 bytes failed: Only part of a ReadProcessMemory or WriteProcessMemory request was completed. (0x12B)
[1202/224941.074:WARNING:pe_image_reader.cc(340)] could not read dos header from C:\WINDOWS\SYSTEM32\WINHTTP.dll
[1202/224941.075:ERROR:process_memory_win.cc(73)] ReadMemory at 0x7ffb5ca50000 of 64 bytes failed: Only part of a ReadProcessMemory or WriteProcessMemory request was completed. (0x12B)
[1202/224941.075:WARNING:pe_image_reader.cc(340)] could not read dos header from C:\WINDOWS\SYSTEM32\dhcpcsvc.DLL
[1202/224941.075:ERROR:process_memory_win.cc(73)] ReadMemory at 0x7ffb64ae0000 of 64 bytes failed: Only part of a ReadProcessMemory or WriteProcessMemory request was completed. (0x12B)
[1202/224941.075:WARNING:pe_image_reader.cc(340)] could not read dos header from C:\WINDOWS\System32\NSI.dll
[1202/224941.075:ERROR:process_memory_win.cc(73)] ReadMemory at 0x7ffb5bd30000 of 64 bytes failed: Only part of a ReadProcessMemory or WriteProcessMemory request was completed. (0x12B)
[1202/224941.075:WARNING:pe_image_reader.cc(340)] could not read dos header from C:\WINDOWS\SYSTEM32\WINMMBASE.dll
[1202/224941.075:ERROR:process_memory_win.cc(73)] ReadMemory at 0x7ffb637b0000 of 64 bytes failed: Only part of a ReadProcessMemory or WriteProcessMemory request was completed. (0x12B)
[1202/224941.075:WARNING:pe_image_reader.cc(340)] could not read dos header from C:\WINDOWS\System32\cfgmgr32.dll
[1202/224941.075:ERROR:process_memory_win.cc(73)] ReadMemory at 0x7ffb61260000 of 64 bytes failed: Only part of a ReadProcessMemory or WriteProcessMemory request was completed. (0x12B)
[1202/224941.075:WARNING:pe_image_reader.cc(340)] could not read dos header from C:\WINDOWS\SYSTEM32\PROPSYS.dll
[1202/224941.075:ERROR:process_memory_win.cc(73)] ReadMemory at 0x7ffb66530000 of 64 bytes failed: Only part of a ReadProcessMemory or WriteProcessMemory request was completed. (0x12B)
[1202/224941.075:WARNING:pe_image_reader.cc(340)] could not read dos header from C:\WINDOWS\System32\shcore.dll
[1202/224941.075:ERROR:process_memory_win.cc(73)] ReadMemory at 0x7ffb634f0000 of 64 bytes failed: Only part of a ReadProcessMemory or WriteProcessMemory request was completed. (0x12B)
[1202/224941.075:WARNING:pe_image_reader.cc(340)] could not read dos header from C:\WINDOWS\SYSTEM32\SSPICLI.DLL
[1202/224941.075:ERROR:process_memory_win.cc(73)] ReadMemory at 0x7ffb64c10000 of 64 bytes failed: Only part of a ReadProcessMemory or WriteProcessMemory request was completed. (0x12B)
[1202/224941.075:WARNING:pe_image_reader.cc(340)] could not read dos header from C:\WINDOWS\System32\SHELL32.dll
[1202/224941.075:ERROR:process_memory_win.cc(73)] ReadMemory at 0x7ffb63830000 of 64 bytes failed: Only part of a ReadProcessMemory or WriteProcessMemory request was completed. (0x12B)
[1202/224941.075:WARNING:pe_image_reader.cc(340)] could not read dos header from C:\WINDOWS\System32\windows.storage.dll
[1202/224941.075:ERROR:process_memory_win.cc(73)] ReadMemory at 0x7ffb63600000 of 64 bytes failed: Only part of a ReadProcessMemory or WriteProcessMemory request was completed. (0x12B)
[1202/224941.075:WARNING:pe_image_reader.cc(340)] could not read dos header from C:\WINDOWS\System32\powrprof.dll
[1202/224941.075:ERROR:process_memory_win.cc(73)] ReadMemory at 0x7ffb635d0000 of 64 bytes failed: Only part of a ReadProcessMemory or WriteProcessMemory request was completed. (0x12B)
[1202/224941.075:WARNING:pe_image_reader.cc(340)] could not read dos header from C:\WINDOWS\System32\UMPDC.dll
[1202/224941.075:ERROR:process_memory_win.cc(73)] ReadMemory at 0x7ffb64a80000 of 64 bytes failed: Only part of a ReadProcessMemory or WriteProcessMemory request was completed. (0x12B)
[1202/224941.075:WARNING:pe_image_reader.cc(340)] could not read dos header from C:\WINDOWS\System32\shlwapi.dll
[1202/224941.076:ERROR:process_memory_win.cc(73)] ReadMemory at 0x7ffb64b70000 of 64 bytes failed: Only part of a ReadProcessMemory or WriteProcessMemory request was completed. (0x12B)
[1202/224941.076:WARNING:pe_image_reader.cc(340)] could not read dos header from C:\WINDOWS\System32\GDI32.dll
[1202/224941.076:ERROR:process_memory_win.cc(73)] ReadMemory at 0x7ffb63800000 of 64 bytes failed: Only part of a ReadProcessMemory or WriteProcessMemory request was completed. (0x12B)
[1202/224941.076:WARNING:pe_image_reader.cc(340)] could not read dos header from C:\WINDOWS\System32\win32u.dll
[1202/224941.076:ERROR:process_memory_win.cc(73)] ReadMemory at 0x7ffb64560000 of 64 bytes failed: Only part of a ReadProcessMemory or WriteProcessMemory request was completed. (0x12B)
[1202/224941.076:WARNING:pe_image_reader.cc(340)] could not read dos header from C:\WINDOWS\System32\gdi32full.dll
[1202/224941.076:ERROR:process_memory_win.cc(73)] ReadMemory at 0x7ffb65430000 of 64 bytes failed: Only part of a ReadProcessMemory or WriteProcessMemory request was completed. (0x12B)
[1202/224941.076:WARNING:pe_image_reader.cc(340)] could not read dos header from C:\WINDOWS\System32\USER32.dll
[1202/224941.076:ERROR:process_memory_win.cc(73)] ReadMemory at 0x7ffb63690000 of 64 bytes failed: Only part of a ReadProcessMemory or WriteProcessMemory request was completed. (0x12B)
[1202/224941.076:WARNING:pe_image_reader.cc(340)] could not read dos header from C:\WINDOWS\System32\cryptsp.dll
[1202/224941.076:ERROR:process_memory_win.cc(73)] ReadMemory at 0x7ffb66690000 of 64 bytes failed: Only part of a ReadProcessMemory or WriteProcessMemory request was completed. (0x12B)
[1202/224941.076:WARNING:pe_image_reader.cc(340)] could not read dos header from C:\WINDOWS\System32\IMM32.DLL
[1202/224941.076:ERROR:process_memory_win.cc(73)] ReadMemory at 0x7ffb63010000 of 64 bytes failed: Only part of a ReadProcessMemory or WriteProcessMemory request was completed. (0x12B)
[1202/224941.076:WARNING:pe_image_reader.cc(340)] could not read dos header from C:\WINDOWS\SYSTEM32\CRYPTBASE.DLL
[1202/224941.076:ERROR:process_memory_win.cc(73)] ReadMemory at 0x7ff6f32f0000 of 64 bytes failed: Only part of a ReadProcessMemory or WriteProcessMemory request was completed. (0x12B)
[1202/224941.076:WARNING:pe_image_reader.cc(340)] could not read dos header from C:\Program Files (x86)\Google\Chrome\Application\chrome.exe
[1202/224941.076:ERROR:process_memory_win.cc(73)] ReadMemory at 0x7ffb66700000 of 64 bytes failed: Only part of a ReadProcessMemory or WriteProcessMemory request was completed. (0x12B)
[1202/224941.076:WARNING:pe_image_reader.cc(340)] could not read dos header from C:\WINDOWS\SYSTEM32\ntdll.dll
[1202/224941.076:ERROR:process_memory_win.cc(73)] ReadMemory at 0x7ffb660a0000 of 64 bytes failed: Only part of a ReadProcessMemory or WriteProcessMemory request was completed. (0x12B)
[1202/224941.076:WARNING:pe_image_reader.cc(340)] could not read dos header from C:\WINDOWS\System32\KERNEL32.DLL
[1202/224941.077:ERROR:process_memory_win.cc(73)] ReadMemory at 0x7ffb64060000 of 64 bytes failed: Only part of a ReadProcessMemory or WriteProcessMemory request was completed. (0x12B)
[1202/224941.077:WARNING:pe_image_reader.cc(340)] could not read dos header from C:\WINDOWS\System32\KERNELBASE.dll
[1202/224941.077:ERROR:process_memory_win.cc(73)] ReadMemory at 0x7ffb29d60000 of 64 bytes failed: Only part of a ReadProcessMemory or WriteProcessMemory request was completed. (0x12B)
[1202/224941.077:WARNING:pe_image_reader.cc(340)] could not read dos header from C:\Program Files (x86)\Google\Chrome\Application\78.0.3904.108\chrome_elf.dll
[1202/224941.077:ERROR:process_memory_win.cc(73)] ReadMemory at 0x7ffb5d3c0000 of 64 bytes failed: Only part of a ReadProcessMemory or WriteProcessMemory request was completed. (0x12B)
[1202/224941.077:WARNING:pe_image_reader.cc(340)] could not read dos header from C:\WINDOWS\SYSTEM32\VERSION.dll
[1202/224941.077:ERROR:process_memory_win.cc(73)] ReadMemory at 0x7ffb65710000 of 64 bytes failed: Only part of a ReadProcessMemory or WriteProcessMemory request was completed. (0x12B)
[1202/224941.077:WARNING:pe_image_reader.cc(340)] could not read dos header from C:\WINDOWS\System32\msvcrt.dll
[1202/224941.077:ERROR:process_memory_win.cc(73)] ReadMemory at 0x7ffb63fe0000 of 64 bytes failed: Only part of a ReadProcessMemory or WriteProcessMemory request was completed. (0x12B)
[1202/224941.077:WARNING:pe_image_reader.cc(340)] could not read dos header from C:\WINDOWS\System32\bcryptPrimitives.dll
[1202/224941.077:ERROR:process_memory_win.cc(73)] ReadMemory at 0x7ffb65af0000 of 64 bytes failed: Only part of a ReadProcessMemory or WriteProcessMemory request was completed. (0x12B)
[1202/224941.077:WARNING:pe_image_reader.cc(340)] could not read dos header from C:\WINDOWS\System32\ADVAPI32.dll
[1202/224941.077:ERROR:process_memory_win.cc(73)] ReadMemory at 0x7ffb662c0000 of 64 bytes failed: Only part of a ReadProcessMemory or WriteProcessMemory request was completed. (0x12B)
[1202/224941.077:WARNING:pe_image_reader.cc(340)] could not read dos header from C:\WINDOWS\System32\sechost.dll
[1202/224941.078:ERROR:process_memory_win.cc(73)] ReadMemory at 0x7ffb64960000 of 64 bytes failed: Only part of a ReadProcessMemory or WriteProcessMemory request was completed. (0x12B)
[1202/224941.078:WARNING:pe_image_reader.cc(340)] could not read dos header from C:\WINDOWS\System32\RPCRT4.dll
[1202/224941.078:ERROR:process_memory_win.cc(73)] ReadMemory at 0x7ffaed940000 of 64 bytes failed: Only part of a ReadProcessMemory or WriteProcessMemory request was completed. (0x12B)
[1202/224941.078:WARNING:pe_image_reader.cc(340)] could not read dos header from C:\Program Files (x86)\Google\Chrome\Application\78.0.3904.108\chrome_child.dll
[1202/224941.078:ERROR:process_memory_win.cc(73)] ReadMemory at 0x7ffb65360000 of 64 bytes failed: Only part of a ReadProcessMemory or WriteProcessMemory request was completed. (0x12B)
[1202/224941.078:WARNING:pe_image_reader.cc(340)] could not read dos header from C:\WINDOWS\System32\OLEAUT32.dll
[1202/224941.078:ERROR:process_memory_win.cc(73)] ReadMemory at 0x7ffb64370000 of 64 bytes failed: Only part of a ReadProcessMemory or WriteProcessMemory request was completed. (0x12B)
[1202/224941.078:WARNING:pe_image_reader.cc(340)] could not read dos header from C:\WINDOWS\System32\msvcp_win.dll
[1202/224941.078:ERROR:process_memory_win.cc(73)] ReadMemory at 0x7ffb636b0000 of 64 bytes failed: Only part of a ReadProcessMemory or WriteProcessMemory request was completed. (0x12B)
[1202/224941.078:WARNING:pe_image_reader.cc(340)] could not read dos header from C:\WINDOWS\System32\ucrtbase.dll
[1202/224941.078:ERROR:process_memory_win.cc(73)] ReadMemory at 0x7ffb657b0000 of 64 bytes failed: Only part of a ReadProcessMemory or WriteProcessMemory request was completed. (0x12B)
[1202/224941.078:WARNING:pe_image_reader.cc(340)] could not read dos header from C:\WINDOWS\System32\combase.dll
[1202/224941.078:ERROR:process_memory_win.cc(73)] ReadMemory at 0x7ffb65bb0000 of 64 bytes failed: Only part of a ReadProcessMemory or WriteProcessMemory request was completed. (0x12B)
[1202/224941.078:WARNING:pe_image_reader.cc(340)] could not read dos header from C:\WINDOWS\System32\WS2_32.dll
[1202/224941.078:ERROR:process_memory_win.cc(73)] ReadMemory at 0x7ffb64310000 of 64 bytes failed: Only part of a ReadProcessMemory or WriteProcessMemory request was completed. (0x12B)
[1202/224941.078:WARNING:pe_image_reader.cc(340)] could not read dos header from C:\WINDOWS\System32\WINTRUST.dll
[1202/224941.078:ERROR:process_memory_win.cc(73)] ReadMemory at 0x7ffb63670000 of 64 bytes failed: Only part of a ReadProcessMemory or WriteProcessMemory request was completed. (0x12B)
[1202/224941.078:WARNING:pe_image_reader.cc(340)] could not read dos header from C:\WINDOWS\System32\MSASN1.dll
[1202/224941.078:ERROR:process_memory_win.cc(73)] ReadMemory at 0x7ffb64410000 of 64 bytes failed: Only part of a ReadProcessMemory or WriteProcessMemory request was completed. (0x12B)
[1202/224941.078:WARNING:pe_image_reader.cc(340)] could not read dos header from C:\WINDOWS\System32\CRYPT32.dll
[1202/224941.078:ERROR:process_memory_win.cc(73)] ReadMemory at 0x7ffb62b50000 of 64 bytes failed: Only part of a ReadProcessMemory or WriteProcessMemory request was completed. (0x12B)
[1202/224941.078:WARNING:pe_image_reader.cc(340)] could not read dos header from C:\WINDOWS\SYSTEM32\IPHLPAPI.DLL
[1202/224941.079:ERROR:process_memory_win.cc(73)] ReadMemory at 0x7ffb5ca20000 of 64 bytes failed: Only part of a ReadProcessMemory or WriteProcessMemory request was completed. (0x12B)
[1202/224941.079:WARNING:pe_image_reader.cc(340)] could not read dos header from C:\WINDOWS\SYSTEM32\WINMM.dll
[1202/224941.079:ERROR:process_memory_win.cc(73)] ReadMemory at 0x7ffb634c0000 of 64 bytes failed: Only part of a ReadProcessMemory or WriteProcessMemory request was completed. (0x12B)
[1202/224941.079:WARNING:pe_image_reader.cc(340)] could not read dos header from C:\WINDOWS\SYSTEM32\USERENV.dll
[1202/224941.079:ERROR:process_memory_win.cc(73)] ReadMemory at 0x7ffb63650000 of 64 bytes failed: Only part of a ReadProcessMemory or WriteProcessMemory request was completed. (0x12B)
[1202/224941.079:WARNING:pe_image_reader.cc(340)] could not read dos header from C:\WINDOWS\System32\profapi.dll
[1202/224941.079:ERROR:process_memory_win.cc(73)] ReadMemory at 0x7ffb44580000 of 64 bytes failed: Only part of a ReadProcessMemory or WriteProcessMemory request was completed. (0x12B)
[1202/224941.079:WARNING:pe_image_reader.cc(340)] could not read dos header from C:\WINDOWS\SYSTEM32\DWrite.dll
[1202/224941.079:ERROR:process_memory_win.cc(73)] ReadMemory at 0x7ffb58260000 of 64 bytes failed: Only part of a ReadProcessMemory or WriteProcessMemory request was completed. (0x12B)
[1202/224941.079:WARNING:pe_image_reader.cc(340)] could not read dos header from C:\WINDOWS\SYSTEM32\WINSPOOL.DRV
[1202/224941.079:ERROR:process_memory_win.cc(73)] ReadMemory at 0x7ffb635e0000 of 64 bytes failed: Only part of a ReadProcessMemory or WriteProcessMemory request was completed. (0x12B)
[1202/224941.079:WARNING:pe_image_reader.cc(340)] could not read dos header from C:\WINDOWS\System32\kernel.appcore.dll
[1202/224941.079:ERROR:process_memory_win.cc(73)] ReadMemory at 0x7ffb63fb0000 of 64 bytes failed: Only part of a ReadProcessMemory or WriteProcessMemory request was completed. (0x12B)
[1202/224941.079:WARNING:pe_image_reader.cc(340)] could not read dos header from C:\WINDOWS\System32\bcrypt.dll
[1202/224941.079:ERROR:process_memory_win.cc(73)] ReadMemory at 0x7ffb61ef0000 of 64 bytes failed: Only part of a ReadProcessMemory or WriteProcessMemory request was completed. (0x12B)
[1202/224941.079:WARNING:pe_image_reader.cc(340)] could not read dos header from C:\WINDOWS\SYSTEM32\dbghelp.dll
[1202/224941.079:ERROR:process_memory_win.cc(73)] ReadMemory at 0x7ffb507c0000 of 64 bytes failed: Only part of a ReadProcessMemory or WriteProcessMemory request was completed. (0x12B)
[1202/224941.079:WARNING:pe_image_reader.cc(340)] could not read dos header from C:\WINDOWS\SYSTEM32\Secur32.dll
[1202/224941.079:ERROR:process_memory_win.cc(73)] ReadMemory at 0x7ffb5eb60000 of 64 bytes failed: Only part of a ReadProcessMemory or WriteProcessMemory request was completed. (0x12B)
[1202/224941.079:WARNING:pe_image_reader.cc(340)] could not read dos header from C:\WINDOWS\SYSTEM32\WINHTTP.dll
[1202/224941.079:ERROR:process_memory_win.cc(73)] ReadMemory at 0x7ffb5ca50000 of 64 bytes failed: Only part of a ReadProcessMemory or WriteProcessMemory request was completed. (0x12B)
[1202/224941.080:WARNING:pe_image_reader.cc(340)] could not read dos header from C:\WINDOWS\SYSTEM32\dhcpcsvc.DLL
[1202/224941.080:ERROR:process_memory_win.cc(73)] ReadMemory at 0x7ffb64ae0000 of 64 bytes failed: Only part of a ReadProcessMemory or WriteProcessMemory request was completed. (0x12B)
[1202/224941.080:WARNING:pe_image_reader.cc(340)] could not read dos header from C:\WINDOWS\System32\NSI.dll
[1202/224941.080:ERROR:process_memory_win.cc(73)] ReadMemory at 0x7ffb5bd30000 of 64 bytes failed: Only part of a ReadProcessMemory or WriteProcessMemory request was completed. (0x12B)
[1202/224941.080:WARNING:pe_image_reader.cc(340)] could not read dos header from C:\WINDOWS\SYSTEM32\WINMMBASE.dll
[1202/224941.080:ERROR:process_memory_win.cc(73)] ReadMemory at 0x7ffb637b0000 of 64 bytes failed: Only part of a ReadProcessMemory or WriteProcessMemory request was completed. (0x12B)
[1202/224941.080:WARNING:pe_image_reader.cc(340)] could not read dos header from C:\WINDOWS\System32\cfgmgr32.dll
[1202/224941.080:ERROR:process_memory_win.cc(73)] ReadMemory at 0x7ffb61260000 of 64 bytes failed: Only part of a ReadProcessMemory or WriteProcessMemory request was completed. (0x12B)
[1202/224941.080:WARNING:pe_image_reader.cc(340)] could not read dos header from C:\WINDOWS\SYSTEM32\PROPSYS.dll
[1202/224941.080:ERROR:process_memory_win.cc(73)] ReadMemory at 0x7ffb66530000 of 64 bytes failed: Only part of a ReadProcessMemory or WriteProcessMemory request was completed. (0x12B)
[1202/224941.080:WARNING:pe_image_reader.cc(340)] could not read dos header from C:\WINDOWS\System32\shcore.dll
[1202/224941.080:ERROR:process_memory_win.cc(73)] ReadMemory at 0x7ffb634f0000 of 64 bytes failed: Only part of a ReadProcessMemory or WriteProcessMemory request was completed. (0x12B)
[1202/224941.080:WARNING:pe_image_reader.cc(340)] could not read dos header from C:\WINDOWS\SYSTEM32\SSPICLI.DLL
[1202/224941.080:ERROR:process_memory_win.cc(73)] ReadMemory at 0x7ffb64c10000 of 64 bytes failed: Only part of a ReadProcessMemory or WriteProcessMemory request was completed. (0x12B)
[1202/224941.080:WARNING:pe_image_reader.cc(340)] could not read dos header from C:\WINDOWS\System32\SHELL32.dll
[1202/224941.081:ERROR:process_memory_win.cc(73)] ReadMemory at 0x7ffb63830000 of 64 bytes failed: Only part of a ReadProcessMemory or WriteProcessMemory request was completed. (0x12B)
[1202/224941.081:WARNING:pe_image_reader.cc(340)] could not read dos header from C:\WINDOWS\System32\windows.storage.dll
[1202/224941.081:ERROR:process_memory_win.cc(73)] ReadMemory at 0x7ffb63600000 of 64 bytes failed: Only part of a ReadProcessMemory or WriteProcessMemory request was completed. (0x12B)
[1202/224941.081:WARNING:pe_image_reader.cc(340)] could not read dos header from C:\WINDOWS\System32\powrprof.dll
[1202/224941.081:ERROR:process_memory_win.cc(73)] ReadMemory at 0x7ffb635d0000 of 64 bytes failed: Only part of a ReadProcessMemory or WriteProcessMemory request was completed. (0x12B)
[1202/224941.081:WARNING:pe_image_reader.cc(340)] could not read dos header from C:\WINDOWS\System32\UMPDC.dll
[1202/224941.081:ERROR:process_memory_win.cc(73)] ReadMemory at 0x7ffb64a80000 of 64 bytes failed: Only part of a ReadProcessMemory or WriteProcessMemory request was completed. (0x12B)
[1202/224941.081:WARNING:pe_image_reader.cc(340)] could not read dos header from C:\WINDOWS\System32\shlwapi.dll
[1202/224941.081:ERROR:process_memory_win.cc(73)] ReadMemory at 0x7ffb64b70000 of 64 bytes failed: Only part of a ReadProcessMemory or WriteProcessMemory request was completed. (0x12B)
[1202/224941.081:WARNING:pe_image_reader.cc(340)] could not read dos header from C:\WINDOWS\System32\GDI32.dll
[1202/224941.081:ERROR:process_memory_win.cc(73)] ReadMemory at 0x7ffb63800000 of 64 bytes failed: Only part of a ReadProcessMemory or WriteProcessMemory request was completed. (0x12B)
[1202/224941.081:WARNING:pe_image_reader.cc(340)] could not read dos header from C:\WINDOWS\System32\win32u.dll
[1202/224941.081:ERROR:process_memory_win.cc(73)] ReadMemory at 0x7ffb64560000 of 64 bytes failed: Only part of a ReadProcessMemory or WriteProcessMemory request was completed. (0x12B)
[1202/224941.081:WARNING:pe_image_reader.cc(340)] could not read dos header from C:\WINDOWS\System32\gdi32full.dll
[1202/224941.081:ERROR:process_memory_win.cc(73)] ReadMemory at 0x7ffb65430000 of 64 bytes failed: Only part of a ReadProcessMemory or WriteProcessMemory request was completed. (0x12B)
[1202/224941.081:WARNING:pe_image_reader.cc(340)] could not read dos header from C:\WINDOWS\System32\USER32.dll
[1202/224941.081:ERROR:process_memory_win.cc(73)] ReadMemory at 0x7ffb63690000 of 64 bytes failed: Only part of a ReadProcessMemory or WriteProcessMemory request was completed. (0x12B)
[1202/224941.081:WARNING:pe_image_reader.cc(340)] could not read dos header from C:\WINDOWS\System32\cryptsp.dll
[1202/224941.081:ERROR:process_memory_win.cc(73)] ReadMemory at 0x7ffb66690000 of 64 bytes failed: Only part of a ReadProcessMemory or WriteProcessMemory request was completed. (0x12B)
[1202/224941.081:WARNING:pe_image_reader.cc(340)] could not read dos header from C:\WINDOWS\System32\IMM32.DLL
[1202/224941.081:ERROR:process_memory_win.cc(73)] ReadMemory at 0x7ffb63010000 of 64 bytes failed: Only part of a ReadProcessMemory or WriteProcessMemory request was completed. (0x12B)
[1202/224941.082:WARNING:pe_image_reader.cc(340)] could not read dos header from C:\WINDOWS\SYSTEM32\CRYPTBASE.DLL
[1202/224941.095:ERROR:process_memory_win.cc(73)] ReadMemory at 0x8a5b5ef000 of 69632 bytes failed: Only part of a ReadProcessMemory or WriteProcessMemory request was completed. (0x12B)
[1202/224941.095:ERROR:process_memory_win.cc(73)] ReadMemory at 0x8a5bdfd000 of 12288 bytes failed: Only part of a ReadProcessMemory or WriteProcessMemory request was completed. (0x12B)
[1202/224941.095:ERROR:process_memory_win.cc(73)] ReadMemory at 0x8a5c5fa000 of 24576 bytes failed: Only part of a ReadProcessMemory or WriteProcessMemory request was completed. (0x12B)
[1202/224941.095:ERROR:process_memory_win.cc(73)] ReadMemory at 0x8a5cdfc000 of 16384 bytes failed: Only part of a ReadProcessMemory or WriteProcessMemory request was completed. (0x12B)
[1202/224941.096:ERROR:process_memory_win.cc(73)] ReadMemory at 0x8a5d5fc000 of 16384 bytes failed: Only part of a ReadProcessMemory or WriteProcessMemory request was completed. (0x12B)
[1202/224941.096:ERROR:process_memory_win.cc(73)] ReadMemory at 0x8a5ddff000 of 4096 bytes failed: Only part of a ReadProcessMemory or WriteProcessMemory request was completed. (0x12B)
[1202/224941.096:ERROR:process_memory_win.cc(73)] ReadMemory at 0x8a5e5fd000 of 12288 bytes failed: Only part of a ReadProcessMemory or WriteProcessMemory request was completed. (0x12B)
[1202/224941.096:ERROR:process_memory_win.cc(73)] ReadMemory at 0x8a5edfb000 of 20480 bytes failed: Only part of a ReadProcessMemory or WriteProcessMemory request was completed. (0x12B)
[1202/224941.096:ERROR:process_memory_win.cc(73)] ReadMemory at 0x8a5f5fd000 of 12288 bytes failed: Only part of a ReadProcessMemory or WriteProcessMemory request was completed. (0x12B)
[1202/224941.096:ERROR:process_memory_win.cc(73)] ReadMemory at 0x8a5fdfc000 of 16384 bytes failed: Only part of a ReadProcessMemory or WriteProcessMemory request was completed. (0x12B)
[1202/224941.097:ERROR:process_memory_win.cc(73)] ReadMemory at 0x8a605f9000 of 28672 bytes failed: Only part of a ReadProcessMemory or WriteProcessMemory request was completed. (0x12B)
[1202/224941.097:ERROR:process_memory_win.cc(73)] ReadMemory at 0x8a60df7000 of 36864 bytes failed: Only part of a ReadProcessMemory or WriteProcessMemory request was completed. (0x12B)
[1202/224941.097:ERROR:process_memory_win.cc(73)] ReadMemory at 0x8a615fd000 of 12288 bytes failed: Only part of a ReadProcessMemory or WriteProcessMemory request was completed. (0x12B)
[1202/224941.097:ERROR:process_memory_win.cc(73)] ReadMemory at 0x8a61dfd000 of 12288 bytes failed: Only part of a ReadProcessMemory or WriteProcessMemory request was completed. (0x12B)
[1202/224941.098:ERROR:process_memory_win.cc(73)] ReadMemory at 0x8a625f5000 of 45056 bytes failed: Only part of a ReadProcessMemory or WriteProcessMemory request was completed. (0x12B)
[1202/224941.098:ERROR:process_memory_win.cc(73)] ReadMemory at 0x8a62dfd000 of 12288 bytes failed: Only part of a ReadProcessMemory or WriteProcessMemory request was completed. (0x12B)
[1202/224941.099:ERROR:process_memory_win.cc(73)] ReadMemory at 0x8a635fc000 of 16384 bytes failed: Only part of a ReadProcessMemory or WriteProcessMemory request was completed. (0x12B)
[1202/224941.099:ERROR:process_memory_win.cc(73)] ReadMemory at 0x8a63dfd000 of 12288 bytes failed: Only part of a ReadProcessMemory or WriteProcessMemory request was completed. (0x12B)
[1202/224941.099:ERROR:process_memory_win.cc(73)] ReadMemory at 0x8a645fd000 of 12288 bytes failed: Only part of a ReadProcessMemory or WriteProcessMemory request was completed. (0x12B)
[1202/224941.099:ERROR:process_memory_win.cc(73)] ReadMemory at 0x8a64dfc000 of 16384 bytes failed: Only part of a ReadProcessMemory or WriteProcessMemory request was completed. (0x12B)
[1202/224941.099:ERROR:process_memory_win.cc(73)] ReadMemory at 0x8a5ac08000 of 852 bytes failed: Only part of a ReadProcessMemory or WriteProcessMemory request was completed. (0x12B)
[1202/224941.099:ERROR:process_memory_win.cc(73)] ReadMemory at 0x8a5ac09000 of 6024 bytes failed: Only part of a ReadProcessMemory or WriteProcessMemory request was completed. (0x12B)
[1202/224941.099:ERROR:process_memory_win.cc(73)] ReadMemory at 0x8a5ac0b000 of 6024 bytes failed: Only part of a ReadProcessMemory or WriteProcessMemory request was completed. (0x12B)
[1202/224941.099:ERROR:process_memory_win.cc(73)] ReadMemory at 0x8a5ac0d000 of 6024 bytes failed: Only part of a ReadProcessMemory or WriteProcessMemory request was completed. (0x12B)
[1202/224941.100:ERROR:process_memory_win.cc(73)] ReadMemory at 0x8a5ac0f000 of 6024 bytes failed: Only part of a ReadProcessMemory or WriteProcessMemory request was completed. (0x12B)
[1202/224941.100:ERROR:process_memory_win.cc(73)] ReadMemory at 0x8a5ac11000 of 6024 bytes failed: Only part of a ReadProcessMemory or WriteProcessMemory request was completed. (0x12B)
[1202/224941.100:ERROR:process_memory_win.cc(73)] ReadMemory at 0x8a5ac13000 of 6024 bytes failed: Only part of a ReadProcessMemory or WriteProcessMemory request was completed. (0x12B)
[1202/224941.100:ERROR:process_memory_win.cc(73)] ReadMemory at 0x8a5ac15000 of 6024 bytes failed: Only part of a ReadProcessMemory or WriteProcessMemory request was completed. (0x12B)
[1202/224941.100:ERROR:process_memory_win.cc(73)] ReadMemory at 0x8a5ac17000 of 6024 bytes failed: Only part of a ReadProcessMemory or WriteProcessMemory request was completed. (0x12B)
[1202/224941.100:ERROR:process_memory_win.cc(73)] ReadMemory at 0x8a5ac19000 of 6024 bytes failed: Only part of a ReadProcessMemory or WriteProcessMemory request was completed. (0x12B)
[1202/224941.100:ERROR:process_memory_win.cc(73)] ReadMemory at 0x8a5ac1b000 of 6024 bytes failed: Only part of a ReadProcessMemory or WriteProcessMemory request was completed. (0x12B)
[1202/224941.100:ERROR:process_memory_win.cc(73)] ReadMemory at 0x8a5ac1d000 of 6024 bytes failed: Only part of a ReadProcessMemory or WriteProcessMemory request was completed. (0x12B)
[1202/224941.101:ERROR:process_memory_win.cc(73)] ReadMemory at 0x8a5ac1f000 of 6024 bytes failed: Only part of a ReadProcessMemory or WriteProcessMemory request was completed. (0x12B)
[1202/224941.101:ERROR:process_memory_win.cc(73)] ReadMemory at 0x8a5ac21000 of 6024 bytes failed: Only part of a ReadProcessMemory or WriteProcessMemory request was completed. (0x12B)
[1202/224941.101:ERROR:process_memory_win.cc(73)] ReadMemory at 0x8a5ac23000 of 6024 bytes failed: Only part of a ReadProcessMemory or WriteProcessMemory request was completed. (0x12B)
[1202/224941.101:ERROR:process_memory_win.cc(73)] ReadMemory at 0x8a5ac25000 of 6024 bytes failed: Only part of a ReadProcessMemory or WriteProcessMemory request was completed. (0x12B)
[1202/224941.101:ERROR:process_memory_win.cc(73)] ReadMemory at 0x8a5ac27000 of 6024 bytes failed: Only part of a ReadProcessMemory or WriteProcessMemory request was completed. (0x12B)
[1202/224941.146:ERROR:process_memory_win.cc(73)] ReadMemory at 0x8a5ac29000 of 6024 bytes failed: Only part of a ReadProcessMemory or WriteProcessMemory request was completed. (0x12B)
[1202/224941.146:ERROR:process_memory_win.cc(73)] ReadMemory at 0x8a5ac2b000 of 6024 bytes failed: Only part of a ReadProcessMemory or WriteProcessMemory request was completed. (0x12B)
[1202/224941.147:ERROR:process_memory_win.cc(73)] ReadMemory at 0x8a5ac2d000 of 6024 bytes failed: Only part of a ReadProcessMemory or WriteProcessMemory request was completed. (0x12B)
[1202/224941.147:ERROR:process_memory_win.cc(73)] ReadMemory at 0x8a5ac2f000 of 6024 bytes failed: Only part of a ReadProcessMemory or WriteProcessMemory request was completed. (0x12B)
[1202/224941.147:ERROR:process_memory_win.cc(73)] ReadMemory at 0x25b4ae80fe0 of 8556 bytes failed: Only part of a ReadProcessMemory or WriteProcessMemory request was completed. (0x12B)
[1202/224941.147:ERROR:process_memory_win.cc(73)] ReadMemory at 0x25b4ae83160 of 1012 bytes failed: Only part of a ReadProcessMemory or WriteProcessMemory request was completed. (0x12B)
[1202/224941.147:ERROR:process_memory_win.cc(73)] ReadMemory at 0x25b4ae837a8 of 50 bytes failed: Only part of a ReadProcessMemory or WriteProcessMemory request was completed. (0x12B)
[1202/224941.147:ERROR:process_memory_win.cc(73)] ReadMemory at 0x25b4ae837dc of 118 bytes failed: Only part of a ReadProcessMemory or WriteProcessMemory request was completed. (0x12B)
[1202/224941.148:ERROR:process_memory_win.cc(73)] ReadMemory at 0x25b4ae83854 of 1284 bytes failed: Only part of a ReadProcessMemory or WriteProcessMemory request was completed. (0x12B)
[1202/224941.148:ERROR:process_memory_win.cc(73)] ReadMemory at 0x25b4ae83d5a of 118 bytes failed: Only part of a ReadProcessMemory or WriteProcessMemory request was completed. (0x12B)
[1202/224941.148:ERROR:process_memory_win.cc(73)] ReadMemory at 0x25b4ae83dd2 of 102 bytes failed: Only part of a ReadProcessMemory or WriteProcessMemory request was completed. (0x12B)
[1202/224941.148:ERROR:process_memory_win.cc(73)] ReadMemory at 0x25b4ae83e50 of 58 bytes failed: Only part of a ReadProcessMemory or WriteProcessMemory request was completed. (0x12B)
[1202/224941.148:ERROR:process_memory_win.cc(73)] ReadMemory at 0x25b4ae83f90 of 132 bytes failed: Only part of a ReadProcessMemory or WriteProcessMemory request was completed. (0x12B)
[1202/224941.148:ERROR:process_memory_win.cc(73)] ReadMemory at 0x25b4ae84120 of 132 bytes failed: Only part of a ReadProcessMemory or WriteProcessMemory request was completed. (0x12B)
[1202/224941.148:ERROR:process_memory_win.cc(73)] ReadMemory at 0x25b4ae842e0 of 126 bytes failed: Only part of a ReadProcessMemory or WriteProcessMemory request was completed. (0x12B)
[1202/224941.148:ERROR:process_memory_win.cc(73)] ReadMemory at 0x25b4ae846c0 of 132 bytes failed: Only part of a ReadProcessMemory or WriteProcessMemory request was completed. (0x12B)
[1202/224941.148:ERROR:process_memory_win.cc(73)] ReadMemory at 0x25b4ae84850 of 64 bytes failed: Only part of a ReadProcessMemory or WriteProcessMemory request was completed. (0x12B)
[1202/224941.148:ERROR:process_memory_win.cc(73)] ReadMemory at 0x25b4ae848a0 of 132 bytes failed: Only part of a ReadProcessMemory or WriteProcessMemory request was completed. (0x12B)
[1202/224941.148:ERROR:process_memory_win.cc(73)] ReadMemory at 0x25b4ae84a10 of 132 bytes failed: Only part of a ReadProcessMemory or WriteProcessMemory request was completed. (0x12B)
[1202/224941.148:ERROR:process_memory_win.cc(73)] ReadMemory at 0x25b4ae84cb0 of 132 bytes failed: Only part of a ReadProcessMemory or WriteProcessMemory request was completed. (0x12B)
[1202/224941.148:ERROR:process_memory_win.cc(73)] ReadMemory at 0x25b4ae84e40 of 68 bytes failed: Only part of a ReadProcessMemory or WriteProcessMemory request was completed. (0x12B)
[1202/224941.148:ERROR:process_memory_win.cc(73)] ReadMemory at 0x25b4ae85fd0 of 132 bytes failed: Only part of a ReadProcessMemory or WriteProcessMemory request was completed. (0x12B)
[1202/224941.149:ERROR:process_memory_win.cc(73)] ReadMemory at 0x25b4ae86160 of 154 bytes failed: Only part of a ReadProcessMemory or WriteProcessMemory request was completed. (0x12B)
[1202/224941.149:ERROR:process_memory_win.cc(73)] ReadMemory at 0x25b4ae86950 of 62 bytes failed: Only part of a ReadProcessMemory or WriteProcessMemory request was completed. (0x12B)
[1202/224941.149:ERROR:process_memory_win.cc(73)] ReadMemory at 0x25b4ae86fb0 of 158 bytes failed: Only part of a ReadProcessMemory or WriteProcessMemory request was completed. (0x12B)
[1202/224941.149:ERROR:process_memory_win.cc(73)] ReadMemory at 0x25b4ae87560 of 132 bytes failed: Only part of a ReadProcessMemory or WriteProcessMemory request was completed. (0x12B)
[1202/224941.149:ERROR:process_memory_win.cc(73)] ReadMemory at 0x25b4ae87830 of 132 bytes failed: Only part of a ReadProcessMemory or WriteProcessMemory request was completed. (0x12B)
[1202/224941.149:ERROR:process_memory_win.cc(73)] ReadMemory at 0x25b4ae88dc0 of 132 bytes failed: Only part of a ReadProcessMemory or WriteProcessMemory request was completed. (0x12B)
[1202/224941.149:ERROR:process_memory_win.cc(73)] ReadMemory at 0x25b4ae88f50 of 60 bytes failed: Only part of a ReadProcessMemory or WriteProcessMemory request was completed. (0x12B)
[1202/224941.149:ERROR:process_memory_win.cc(73)] ReadMemory at 0x25b4ae8b810 of 132 bytes failed: Only part of a ReadProcessMemory or WriteProcessMemory request was completed. (0x12B)
[1202/224941.149:ERROR:process_memory_win.cc(73)] ReadMemory at 0x25b4ae8b940 of 132 bytes failed: Only part of a ReadProcessMemory or WriteProcessMemory request was completed. (0x12B)
[1202/224941.149:ERROR:process_memory_win.cc(73)] ReadMemory at 0x25b4ae8bb20 of 80 bytes failed: Only part of a ReadProcessMemory or WriteProcessMemory request was completed. (0x12B)
[1202/224941.149:ERROR:process_memory_win.cc(73)] ReadMemory at 0x25b4ae8c820 of 64 bytes failed: Only part of a ReadProcessMemory or WriteProcessMemory request was completed. (0x12B)
[1202/224941.149:ERROR:process_memory_win.cc(73)] ReadMemory at 0x25b4ae8c870 of 60 bytes failed: Only part of a ReadProcessMemory or WriteProcessMemory request was completed. (0x12B)
[1202/224941.150:ERROR:process_memory_win.cc(73)] ReadMemory at 0x25b4ae8c8c0 of 64 bytes failed: Only part of a ReadProcessMemory or WriteProcessMemory request was completed. (0x12B)
[1202/224941.150:ERROR:process_memory_win.cc(73)] ReadMemory at 0x25b4ae8c910 of 66 bytes failed: Only part of a ReadProcessMemory or WriteProcessMemory request was completed. (0x12B)
[1202/224941.150:ERROR:process_memory_win.cc(73)] ReadMemory at 0x25b4ae8c960 of 64 bytes failed: Only part of a ReadProcessMemory or WriteProcessMemory request was completed. (0x12B)
[1202/224941.150:ERROR:process_memory_win.cc(73)] ReadMemory at 0x25b4ae8cb40 of 64 bytes failed: Only part of a ReadProcessMemory or WriteProcessMemory request was completed. (0x12B)
[1202/224941.150:ERROR:process_memory_win.cc(73)] ReadMemory at 0x25b4ae8cb90 of 62 bytes failed: Only part of a ReadProcessMemory or WriteProcessMemory request was completed. (0x12B)
[1202/224941.150:ERROR:process_memory_win.cc(73)] ReadMemory at 0x25b4ae8cc30 of 60 bytes failed: Only part of a ReadProcessMemory or WriteProcessMemory request was completed. (0x12B)
[1202/224941.150:ERROR:process_memory_win.cc(73)] ReadMemory at 0x25b4ae8ccd0 of 62 bytes failed: Only part of a ReadProcessMemory or WriteProcessMemory request was completed. (0x12B)
[1202/224941.150:ERROR:process_memory_win.cc(73)] ReadMemory at 0x25b4ae8d030 of 132 bytes failed: Only part of a ReadProcessMemory or WriteProcessMemory request was completed. (0x12B)
[1202/224941.150:ERROR:process_memory_win.cc(73)] ReadMemory at 0x25b4ae8d160 of 132 bytes failed: Only part of a ReadProcessMemory or WriteProcessMemory request was completed. (0x12B)
[1202/224941.150:ERROR:process_memory_win.cc(73)] ReadMemory at 0x25b4ae8d3c0 of 132 bytes failed: Only part of a ReadProcessMemory or WriteProcessMemory request was completed. (0x12B)
[1202/224941.150:ERROR:process_memory_win.cc(73)] ReadMemory at 0x25b4ae8d4f0 of 132 bytes failed: Only part of a ReadProcessMemory or WriteProcessMemory request was completed. (0x12B)
[1202/224941.150:ERROR:process_memory_win.cc(73)] ReadMemory at 0x25b4ae8d620 of 132 bytes failed: Only part of a ReadProcessMemory or WriteProcessMemory request was completed. (0x12B)
[1202/224941.150:ERROR:process_memory_win.cc(73)] ReadMemory at 0x25b4ae8d750 of 132 bytes failed: Only part of a ReadProcessMemory or WriteProcessMemory request was completed. (0x12B)
[1202/224941.151:ERROR:process_memory_win.cc(73)] ReadMemory at 0x25b4ae8d880 of 132 bytes failed: Only part of a ReadProcessMemory or WriteProcessMemory request was completed. (0x12B)
[1202/224941.151:ERROR:process_memory_win.cc(73)] ReadMemory at 0x25b4ae8d9b0 of 132 bytes failed: Only part of a ReadProcessMemory or WriteProcessMemory request was completed. (0x12B)
[1202/224941.151:ERROR:process_memory_win.cc(73)] ReadMemory at 0x25b4ae8dae0 of 132 bytes failed: Only part of a ReadProcessMemory or WriteProcessMemory request was completed. (0x12B)
[1202/224941.151:ERROR:process_memory_win.cc(73)] ReadMemory at 0x25b4ae8dc10 of 132 bytes failed: Only part of a ReadProcessMemory or WriteProcessMemory request was completed. (0x12B)
[1202/224941.151:ERROR:process_memory_win.cc(73)] ReadMemory at 0x25b4ae8dd40 of 132 bytes failed: Only part of a ReadProcessMemory or WriteProcessMemory request was completed. (0x12B)
[1202/224941.151:ERROR:process_memory_win.cc(73)] ReadMemory at 0x25b4ae8de70 of 132 bytes failed: Only part of a ReadProcessMemory or WriteProcessMemory request was completed. (0x12B)
[1202/224941.151:ERROR:process_memory_win.cc(73)] ReadMemory at 0x25b4ae8e2e0 of 76 bytes failed: Only part of a ReadProcessMemory or WriteProcessMemory request was completed. (0x12B)
[1202/224941.151:ERROR:process_memory_win.cc(73)] ReadMemory at 0x25b4ae8edc0 of 78 bytes failed: Only part of a ReadProcessMemory or WriteProcessMemory request was completed. (0x12B)
[1202/224941.151:ERROR:process_memory_win.cc(73)] ReadMemory at 0x25b4ae8ffd0 of 54 bytes failed: Only part of a ReadProcessMemory or WriteProcessMemory request was completed. (0x12B)
[1202/224941.151:ERROR:process_memory_win.cc(73)] ReadMemory at 0x25b4ae908d0 of 132 bytes failed: Only part of a ReadProcessMemory or WriteProcessMemory request was completed. (0x12B)
[1202/224941.151:ERROR:process_memory_win.cc(73)] ReadMemory at 0x25b4ae91030 of 132 bytes failed: Only part of a ReadProcessMemory or WriteProcessMemory request was completed. (0x12B)
[1202/224941.151:ERROR:process_memory_win.cc(73)] ReadMemory at 0x25b4ae927d0 of 132 bytes failed: Only part of a ReadProcessMemory or WriteProcessMemory request was completed. (0x12B)
[1202/224941.151:ERROR:process_memory_win.cc(73)] ReadMemory at 0x25b4ae92a40 of 132 bytes failed: Only part of a ReadProcessMemory or WriteProcessMemory request was completed. (0x12B)
[1202/224941.152:ERROR:process_memory_win.cc(73)] ReadMemory at 0x25b4ae92b70 of 132 bytes failed: Only part of a ReadProcessMemory or WriteProcessMemory request was completed. (0x12B)
[1202/224941.152:ERROR:process_memory_win.cc(73)] ReadMemory at 0x25b4ae97460 of 62 bytes failed: Only part of a ReadProcessMemory or WriteProcessMemory request was completed. (0x12B)
[1202/224941.152:ERROR:process_memory_win.cc(73)] ReadMemory at 0x25b4ae974b0 of 64 bytes failed: Only part of a ReadProcessMemory or WriteProcessMemory request was completed. (0x12B)
[1202/224941.152:ERROR:process_memory_win.cc(73)] ReadMemory at 0x25b4ae97500 of 62 bytes failed: Only part of a ReadProcessMemory or WriteProcessMemory request was completed. (0x12B)
[1202/224941.152:ERROR:process_memory_win.cc(73)] ReadMemory at 0x25b4ae97550 of 62 bytes failed: Only part of a ReadProcessMemory or WriteProcessMemory request was completed. (0x12B)
[1202/224941.152:ERROR:process_memory_win.cc(73)] ReadMemory at 0x25b4ae97640 of 62 bytes failed: Only part of a ReadProcessMemory or WriteProcessMemory request was completed. (0x12B)
[1202/224941.152:ERROR:process_memory_win.cc(73)] ReadMemory at 0x25b4ae976e0 of 64 bytes failed: Only part of a ReadProcessMemory or WriteProcessMemory request was completed. (0x12B)
[1202/224941.152:ERROR:process_memory_win.cc(73)] ReadMemory at 0x25b4ae97730 of 62 bytes failed: Only part of a ReadProcessMemory or WriteProcessMemory request was completed. (0x12B)
[1202/224941.152:ERROR:process_memory_win.cc(73)] ReadMemory at 0x25b4ae97780 of 62 bytes failed: Only part of a ReadProcessMemory or WriteProcessMemory request was completed. (0x12B)
[1202/224941.153:ERROR:process_memory_win.cc(73)] ReadMemory at 0x25b4ae977d0 of 64 bytes failed: Only part of a ReadProcessMemory or WriteProcessMemory request was completed. (0x12B)
[1202/224941.153:ERROR:process_memory_win.cc(73)] ReadMemory at 0x25b4ae97820 of 66 bytes failed: Only part of a ReadProcessMemory or WriteProcessMemory request was completed. (0x12B)
[1202/224941.153:ERROR:process_memory_win.cc(73)] ReadMemory at 0x25b4ae97870 of 64 bytes failed: Only part of a ReadProcessMemory or WriteProcessMemory request was completed. (0x12B)
[1202/224941.153:ERROR:process_memory_win.cc(73)] ReadMemory at 0x25b4ae97910 of 60 bytes failed: Only part of a ReadProcessMemory or WriteProcessMemory request was completed. (0x12B)
[1202/224941.153:ERROR:process_memory_win.cc(73)] ReadMemory at 0x25b4ae97960 of 62 bytes failed: Only part of a ReadProcessMemory or WriteProcessMemory request was completed. (0x12B)
[1202/224941.153:ERROR:process_memory_win.cc(73)] ReadMemory at 0x25b4ae979b0 of 64 bytes failed: Only part of a ReadProcessMemory or WriteProcessMemory request was completed. (0x12B)
[1202/224941.153:ERROR:process_memory_win.cc(73)] ReadMemory at 0x25b4ae97b90 of 60 bytes failed: Only part of a ReadProcessMemory or WriteProcessMemory request was completed. (0x12B)
[1202/224941.153:ERROR:process_memory_win.cc(73)] ReadMemory at 0x25b4ae97be0 of 60 bytes failed: Only part of a ReadProcessMemory or WriteProcessMemory request was completed. (0x12B)
[1202/224941.153:ERROR:process_memory_win.cc(73)] ReadMemory at 0x25b4ae97d20 of 58 bytes failed: Only part of a ReadProcessMemory or WriteProcessMemory request was completed. (0x12B)
[1202/224941.153:ERROR:process_memory_win.cc(73)] ReadMemory at 0x25b4ae97d70 of 62 bytes failed: Only part of a ReadProcessMemory or WriteProcessMemory request was completed. (0x12B)
[1202/224941.153:ERROR:process_memory_win.cc(73)] ReadMemory at 0x25b4ae97fa0 of 60 bytes failed: Only part of a ReadProcessMemory or WriteProcessMemory request was completed. (0x12B)
[1202/224941.153:ERROR:process_memory_win.cc(73)] ReadMemory at 0x25b4ae98270 of 62 bytes failed: Only part of a ReadProcessMemory or WriteProcessMemory request was completed. (0x12B)
[1202/224941.154:ERROR:process_memory_win.cc(73)] ReadMemory at 0x25b4ae9a1d0 of 132 bytes failed: Only part of a ReadProcessMemory or WriteProcessMemory request was completed. (0x12B)
[1202/224941.154:ERROR:process_memory_win.cc(73)] ReadMemory at 0x25b4ae9a300 of 132 bytes failed: Only part of a ReadProcessMemory or WriteProcessMemory request was completed. (0x12B)
[1202/224941.154:ERROR:process_memory_win.cc(73)] ReadMemory at 0x25b4ae9a430 of 132 bytes failed: Only part of a ReadProcessMemory or WriteProcessMemory request was completed. (0x12B)
[1202/224941.154:ERROR:process_memory_win.cc(73)] ReadMemory at 0x25b4ae9a690 of 132 bytes failed: Only part of a ReadProcessMemory or WriteProcessMemory request was completed. (0x12B)
[1202/224941.154:ERROR:process_memory_win.cc(73)] ReadMemory at 0x25b4ae9a7c0 of 132 bytes failed: Only part of a ReadProcessMemory or WriteProcessMemory request was completed. (0x12B)
[1202/224941.154:ERROR:process_memory_win.cc(73)] ReadMemory at 0x25b4ae9a8f0 of 132 bytes failed: Only part of a ReadProcessMemory or WriteProcessMemory request was completed. (0x12B)
[1202/224941.154:ERROR:process_memory_win.cc(73)] ReadMemory at 0x25b4ae9aa20 of 132 bytes failed: Only part of a ReadProcessMemory or WriteProcessMemory request was completed. (0x12B)
[1202/224941.154:ERROR:process_memory_win.cc(73)] ReadMemory at 0x25b4ae9ab50 of 132 bytes failed: Only part of a ReadProcessMemory or WriteProcessMemory request was completed. (0x12B)
[1202/224941.154:ERROR:process_memory_win.cc(73)] ReadMemory at 0x25b4ae9adb0 of 132 bytes failed: Only part of a ReadProcessMemory or WriteProcessMemory request was completed. (0x12B)
[1202/224941.154:ERROR:process_memory_win.cc(73)] ReadMemory at 0x25b4ae9aee0 of 132 bytes failed: Only part of a ReadProcessMemory or WriteProcessMemory request was completed. (0x12B)
[1202/224941.154:ERROR:process_memory_win.cc(73)] ReadMemory at 0x25b4ae9b010 of 132 bytes failed: Only part of a ReadProcessMemory or WriteProcessMemory request was completed. (0x12B)
[1202/224941.154:ERROR:process_memory_win.cc(73)] ReadMemory at 0x25b4ae9b140 of 132 bytes failed: Only part of a ReadProcessMemory or WriteProcessMemory request was completed. (0x12B)
[1202/224941.154:ERROR:process_memory_win.cc(73)] ReadMemory at 0x25b4ae9b270 of 132 bytes failed: Only part of a ReadProcessMemory or WriteProcessMemory request was completed. (0x12B)
[1202/224941.155:ERROR:process_memory_win.cc(73)] ReadMemory at 0x25b4ae9b3a0 of 132 bytes failed: Only part of a ReadProcessMemory or WriteProcessMemory request was completed. (0x12B)
[1202/224941.155:ERROR:process_memory_win.cc(73)] ReadMemory at 0x25b4ae9b600 of 132 bytes failed: Only part of a ReadProcessMemory or WriteProcessMemory request was completed. (0x12B)
[1202/224941.155:ERROR:process_memory_win.cc(73)] ReadMemory at 0x25b4ae9b730 of 132 bytes failed: Only part of a ReadProcessMemory or WriteProcessMemory request was completed. (0x12B)
[1202/224941.155:ERROR:process_memory_win.cc(73)] ReadMemory at 0x25b4ae9bac0 of 132 bytes failed: Only part of a ReadProcessMemory or WriteProcessMemory request was completed. (0x12B)
[1202/224941.155:ERROR:process_memory_win.cc(73)] ReadMemory at 0x25b4ae9bd20 of 132 bytes failed: Only part of a ReadProcessMemory or WriteProcessMemory request was completed. (0x12B)
[1202/224941.155:ERROR:process_memory_win.cc(73)] ReadMemory at 0x25b4ae9be50 of 132 bytes failed: Only part of a ReadProcessMemory or WriteProcessMemory request was completed. (0x12B)
[1202/224941.155:ERROR:process_memory_win.cc(73)] ReadMemory at 0x25b4ae9bf80 of 132 bytes failed: Only part of a ReadProcessMemory or WriteProcessMemory request was completed. (0x12B)
[1202/224941.155:ERROR:process_memory_win.cc(73)] ReadMemory at 0x25b4aead5b0 of 58 bytes failed: Only part of a ReadProcessMemory or WriteProcessMemory request was completed. (0x12B)
[1202/224941.155:ERROR:process_memory_win.cc(73)] ReadMemory at 0x25b4aead600 of 62 bytes failed: Only part of a ReadProcessMemory or WriteProcessMemory request was completed. (0x12B)
[1202/224941.156:ERROR:process_memory_win.cc(73)] ReadMemory at 0x25b4aead650 of 58 bytes failed: Only part of a ReadProcessMemory or WriteProcessMemory request was completed. (0x12B)
[1202/224941.156:ERROR:process_memory_win.cc(73)] ReadMemory at 0x25b4aead740 of 66 bytes failed: Only part of a ReadProcessMemory or WriteProcessMemory request was completed. (0x12B)
[1202/224941.156:ERROR:process_memory_win.cc(73)] ReadMemory at 0x25b4aead790 of 60 bytes failed: Only part of a ReadProcessMemory or WriteProcessMemory request was completed. (0x12B)
[1202/224941.156:ERROR:process_memory_win.cc(73)] ReadMemory at 0x25b4aead880 of 58 bytes failed: Only part of a ReadProcessMemory or WriteProcessMemory request was completed. (0x12B)
[1202/224941.156:ERROR:process_memory_win.cc(73)] ReadMemory at 0x25b4aeae0f0 of 62 bytes failed: Only part of a ReadProcessMemory or WriteProcessMemory request was completed. (0x12B)
[1202/224941.156:ERROR:process_memory_win.cc(73)] ReadMemory at 0x25b4aeae280 of 60 bytes failed: Only part of a ReadProcessMemory or WriteProcessMemory request was completed. (0x12B)
[1202/224941.156:ERROR:process_memory_win.cc(73)] ReadMemory at 0x25b4aeb7ab0 of 512 bytes failed: Only part of a ReadProcessMemory or WriteProcessMemory request was completed. (0x12B)
[1202/224941.156:ERROR:process_memory_win.cc(73)] ReadMemory at 0x25b4aeb8840 of 512 bytes failed: Only part of a ReadProcessMemory or WriteProcessMemory request was completed. (0x12B)
[1202/224941.156:ERROR:process_memory_win.cc(73)] ReadMemory at 0x25b4b151840 of 512 bytes failed: Only part of a ReadProcessMemory or WriteProcessMemory request was completed. (0x12B)
[1202/224941.156:ERROR:process_memory_win.cc(73)] ReadMemory at 0x25b4b274250 of 512 bytes failed: Only part of a ReadProcessMemory or WriteProcessMemory request was completed. (0x12B)
[1202/224941.157:ERROR:process_memory_win.cc(73)] ReadMemory at 0x25b4b274730 of 512 bytes failed: Only part of a ReadProcessMemory or WriteProcessMemory request was completed. (0x12B)
[1202/224941.157:ERROR:process_memory_win.cc(73)] ReadMemory at 0x25b4b27fca0 of 512 bytes failed: Only part of a ReadProcessMemory or WriteProcessMemory request was completed. (0x12B)
[1202/224941.157:ERROR:process_memory_win.cc(73)] ReadMemory at 0x25b4b298718 of 944 bytes failed: Only part of a ReadProcessMemory or WriteProcessMemory request was completed. (0x12B)
[1202/224941.157:ERROR:process_memory_win.cc(73)] ReadMemory at 0x25b4b2997f8 of 512 bytes failed: Only part of a ReadProcessMemory or WriteProcessMemory request was completed. (0x12B)
[1202/224941.157:ERROR:process_memory_win.cc(73)] ReadMemory at 0x25b4b299a38 of 512 bytes failed: Only part of a ReadProcessMemory or WriteProcessMemory request was completed. (0x12B)
[1202/224941.157:ERROR:process_memory_win.cc(73)] ReadMemory at 0x25b4b2a4ea0 of 712 bytes failed: Only part of a ReadProcessMemory or WriteProcessMemory request was completed. (0x12B)
[1202/224941.157:ERROR:process_memory_win.cc(73)] ReadMemory at 0x25b4d280480 of 512 bytes failed: Only part of a ReadProcessMemory or WriteProcessMemory request was completed. (0x12B)
[1202/224941.157:ERROR:process_memory_win.cc(73)] ReadMemory at 0x25b4d3c9fd0 of 512 bytes failed: Only part of a ReadProcessMemory or WriteProcessMemory request was completed. (0x12B)
[1202/224941.157:ERROR:process_memory_win.cc(73)] ReadMemory at 0x25b4d406480 of 512 bytes failed: Only part of a ReadProcessMemory or WriteProcessMemory request was completed. (0x12B)
[1202/224941.157:ERROR:process_memory_win.cc(73)] ReadMemory at 0x25b4d681b60 of 512 bytes failed: Only part of a ReadProcessMemory or WriteProcessMemory request was completed. (0x12B)
[1202/224941.157:ERROR:process_memory_win.cc(73)] ReadMemory at 0x25b4d802300 of 512 bytes failed: Only part of a ReadProcessMemory or WriteProcessMemory request was completed. (0x12B)
[1202/224941.157:ERROR:process_memory_win.cc(73)] ReadMemory at 0x25b4d8025a0 of 608 bytes failed: Only part of a ReadProcessMemory or WriteProcessMemory request was completed. (0x12B)
[1202/224941.158:ERROR:process_memory_win.cc(73)] ReadMemory at 0x25b4d8695a8 of 512 bytes failed: Only part of a ReadProcessMemory or WriteProcessMemory request was completed. (0x12B)
[1202/224941.158:ERROR:process_memory_win.cc(73)] ReadMemory at 0x25b4d898260 of 512 bytes failed: Only part of a ReadProcessMemory or WriteProcessMemory request was completed. (0x12B)
[1202/224941.158:ERROR:process_memory_win.cc(73)] ReadMemory at 0x25b4f0ac490 of 512 bytes failed: Only part of a ReadProcessMemory or WriteProcessMemory request was completed. (0x12B)
[1202/224941.158:ERROR:process_memory_win.cc(73)] ReadMemory at 0x25b4f13b3a0 of 512 bytes failed: Only part of a ReadProcessMemory or WriteProcessMemory request was completed. (0x12B)
[1202/224941.158:ERROR:process_memory_win.cc(73)] ReadMemory at 0x25b531c3db8 of 536 bytes failed: Only part of a ReadProcessMemory or WriteProcessMemory request was completed. (0x12B)
[1202/224941.158:ERROR:process_memory_win.cc(73)] ReadMemory at 0x25b531d1f80 of 512 bytes failed: Only part of a ReadProcessMemory or WriteProcessMemory request was completed. (0x12B)
[1202/224941.158:ERROR:process_memory_win.cc(73)] ReadMemory at 0x1a5f1d804000 of 384 bytes failed: Only part of a ReadProcessMemory or WriteProcessMemory request was completed. (0x12B)
[1202/224941.158:ERROR:process_memory_win.cc(73)] ReadMemory at 0x1a5f1d812130 of 512 bytes failed: Only part of a ReadProcessMemory or WriteProcessMemory request was completed. (0x12B)
[1202/224941.158:ERROR:process_memory_win.cc(73)] ReadMemory at 0x32a8d03deed0 of 512 bytes failed: Only part of a ReadProcessMemory or WriteProcessMemory request was completed. (0x12B)
[1202/224941.158:ERROR:process_memory_win.cc(73)] ReadMemory at 0x774a722b2db0 of 512 bytes failed: Only part of a ReadProcessMemory or WriteProcessMemory request was completed. (0x12B)
[1202/224941.158:ERROR:process_memory_win.cc(73)] ReadMemory at 0x7ffaeed8e702 of 512 bytes failed: Only part of a ReadProcessMemory or WriteProcessMemory request was completed. (0x12B)
[1202/224941.158:ERROR:process_memory_win.cc(73)] ReadMemory at 0x7ffaef3cc62c of 512 bytes failed: Only part of a ReadProcessMemory or WriteProcessMemory request was completed. (0x12B)
[1202/224941.159:ERROR:process_memory_win.cc(73)] ReadMemory at 0x7ffaf1cd55de of 512 bytes failed: Only part of a ReadProcessMemory or WriteProcessMemory request was completed. (0x12B)
[1202/224941.159:ERROR:process_memory_win.cc(73)] ReadMemory at 0x7ffb6409a7b9 of 512 bytes failed: Only part of a ReadProcessMemory or WriteProcessMemory request was completed. (0x12B)
[1202/224941.159:ERROR:process_memory_win.cc(73)] ReadMemory at 0x7ffb642cb6d0 of 512 bytes failed: Only part of a ReadProcessMemory or WriteProcessMemory request was completed. (0x12B)
[1202/224941.159:ERROR:process_memory_win.cc(73)] ReadMemory at 0x7ffb6679c0c4 of 672 bytes failed: Only part of a ReadProcessMemory or WriteProcessMemory request was completed. (0x12B)
[1202/224941.159:ERROR:process_memory_win.cc(73)] ReadMemory at 0x7ffb6679c6c4 of 512 bytes failed: Only part of a ReadProcessMemory or WriteProcessMemory request was completed. (0x12B)
[1202/224941.159:ERROR:process_memory_win.cc(73)] ReadMemory at 0x7ffb6679f974 of 608 bytes failed: Only part of a ReadProcessMemory or WriteProcessMemory request was completed. (0x12B)
[1202/224941.159:ERROR:process_memory_win.cc(73)] ReadMemory at 0x7ffb6682c428 of 18 bytes failed: Only part of a ReadProcessMemory or WriteProcessMemory request was completed. (0x12B)
[1202/224941.159:ERROR:process_memory_win.cc(73)] ReadMemory at 0x7ffb6685f4f8 of 40 bytes failed: Only part of a ReadProcessMemory or WriteProcessMemory request was completed. (0x12B)
[1202/224941.159:ERROR:process_memory_win.cc(73)] ReadMemory at 0x7ffb6685f978 of 48 bytes failed: Only part of a ReadProcessMemory or WriteProcessMemory request was completed. (0x12B)
[1202/224941.159:ERROR:process_memory_win.cc(73)] ReadMemory at 0x7ffb668653c0 of 64 bytes failed: Only part of a ReadProcessMemory or WriteProcessMemory request was completed. (0x12B)
[1202/224941.163:ERROR:scoped_process_suspend.cc(40)] NtResumeProcess: An attempt was made to access an exiting process. (0xc000010a)
